<?xml version="1.0" encoding="UTF-8"?>
<testsuite name="SimpleTest" tests="2" skipped="0" failures="0" errors="0" timestamp="2022-07-26T09:33:12" hostname="C02YT4GALVDQ" time="1.117">
  <properties/>
  <testcase name="firstTest()" classname="SimpleTest" time="0.034"/>
  <testcase name="secondTest()" classname="SimpleTest" time="1.082"/>
  <system-out><![CDATA[]]></system-out>
  <system-err><![CDATA[]]></system-err>
</testsuite>
